<?xml version="1.0" encoding="UTF-8"?>
<!-- Generated by org.testng.reporters.JUnitReportReporter -->
<testsuite hostname="DESKTOP-8MESV03" failures="0" tests="1" name="pruebastesteos.Testing" time="2.094" errors="0" timestamp="18 nov. 2022 15:00:16 GMT" skipped="0">
  <testcase classname="pruebastesteos.Testing" name="verificarAgregarCliente" time="2.094"/>
</testsuite> <!-- pruebastesteos.Testing -->
